<?xml version="1.0" encoding="UTF-8"?>
<!-- Generated by org.testng.reporters.JUnitXMLReporter -->
<testsuite hostname="LAPTOP-OOFO6E2U" ignored="0" name="MagicMouse_Purchase" tests="1" failures="1" timestamp="02 Jan 2019 23:43:35 GMT" time="30.721" errors="0">
  <testcase name="TestCase01" time="27.361" classname="exercise.Test01">
    <failure type="java.lang.AssertionError" message="Error has occured during Validating product">
      <![CDATA[java.lang.AssertionError: Error has occured during Validating product
at businessComponents.BusinessComponents.validateProductSelect(BusinessComponents.java:90)
at exercise.Test01.TestCase01(Test01.java:27)
... Removed 26 stack frames]]>
    </failure>
  </testcase> <!-- TestCase01 -->
</testsuite> <!-- MagicMouse_Purchase -->
