<?xml version="1.0" encoding="UTF-8"?>
<!-- Generated by org.testng.reporters.JUnitXMLReporter -->
<testsuite hostname="LAPTOP-OOFO6E2U" name="AppleTV_Purchase" tests="5" failures="3" timestamp="5 Jan 2019 03:31:40 GMT" time="49.835" errors="0">
  <testcase name="login" time="3.456" classname="exercise.Test02"/>
  <testcase name="SelectItem" time="3.217" classname="exercise.Test02"/>
  <testcase name="validateProduct_Select" time="20.082" classname="exercise.Test02">
    <failure type="java.lang.AssertionError" message="Error has occured during Validating product">
      <![CDATA[java.lang.AssertionError: Error has occured during Validating product
	at businessComponents.BusinessComponents.validateProductSelect(BusinessComponents.java:90)
	at exercise.Test02.validateProduct_Select(Test02.java:35)
... Removed 28 stack frames]]>
    </failure>
  </testcase> <!-- validateProduct_Select -->
  <testcase name="enterUserDetails" time="20.027" classname="exercise.Test02">
    <failure type="java.lang.AssertionError" message="Error has occured during User entry details page">
      <![CDATA[java.lang.AssertionError: Error has occured during User entry details page
	at businessComponents.BusinessComponents.enterUserDetails(BusinessComponents.java:106)
	at exercise.Test02.enterUserDetails(Test02.java:40)
... Removed 28 stack frames]]>
    </failure>
  </testcase> <!-- enterUserDetails -->
  <testcase name="validateTranPage" time="0.105" classname="exercise.Test02">
    <failure type="java.lang.AssertionError" message="Transaction page NOT displayed expected [true] but found [false]">
      <![CDATA[java.lang.AssertionError: Transaction page NOT displayed expected [true] but found [false]
	at businessComponents.BusinessComponents.validateTranPage(BusinessComponents.java:117)
	at exercise.Test02.validateTranPage(Test02.java:45)
... Removed 30 stack frames]]>
    </failure>
  </testcase> <!-- validateTranPage -->
</testsuite> <!-- AppleTV_Purchase -->
