<?xml version="1.0" encoding="UTF-8"?>
<!-- Generated by org.testng.reporters.JUnitXMLReporter -->
<testsuite hostname="LAPTOP-OOFO6E2U" name="MagicMouse_Purchase" tests="1" failures="1" timestamp="5 Jan 2019 03:30:50 GMT" time="35.663" errors="0">
  <testcase name="TestCase01" time="31.305" classname="exercise.Test01">
    <failure type="java.lang.AssertionError" message="Error has occured during Validating product">
      <![CDATA[java.lang.AssertionError: Error has occured during Validating product
	at businessComponents.BusinessComponents.validateProductSelect(BusinessComponents.java:90)
	at exercise.Test01.TestCase01(Test01.java:27)
... Removed 28 stack frames]]>
    </failure>
  </testcase> <!-- TestCase01 -->
</testsuite> <!-- MagicMouse_Purchase -->
