<!DOCTYPE html PUBLIC "-//W3C//DTD XHTML 1.1//EN" "http://www.w3.org/TR/xhtml11/DTD/xhtml11.dtd">
<html xmlns="http://www.w3.org/1999/xhtml"><head><title>TestNG Report</title><style type="text/css">table {margin-bottom:10px;border-collapse:collapse;empty-cells:show}th,td {border:1px solid #009;padding:.25em .5em}th {vertical-align:bottom}td {vertical-align:top}table a {font-weight:bold}.stripe td {background-color: #E6EBF9}.num {text-align:right}.passedodd td {background-color: #3F3}.passedeven td {background-color: #0A0}.skippedodd td {background-color: #DDD}.skippedeven td {background-color: #CCC}.failedodd td,.attn {background-color: #F33}.failedeven td,.stripe .attn {background-color: #D00}.stacktrace {white-space:pre;font-family:monospace}.totop {font-size:85%;text-align:center;border-bottom:2px solid #000}</style></head><body><table><tr><th>Test</th><th># Passed</th><th># Skipped</th><th># Failed</th><th>Time (ms)</th><th>Included Groups</th><th>Excluded Groups</th></tr><tr><th colspan="7">Ethoca_Challenge</th></tr><tr><td><a href="#t0">MagicMouse_Purchase</a></td><td class="num">0</td><td class="num">0</td><td class="num attn">1</td><td class="num">35,663</td><td></td><td></td></tr><tr class="stripe"><td><a href="#t1">AppleTV_Purchase</a></td><td class="num">2</td><td class="num">0</td><td class="num attn">3</td><td class="num">49,835</td><td></td><td></td></tr><tr><th>Total</th><th class="num">2</th><th class="num">0</th><th class="num attn">4</th><th class="num">85,498</th><th colspan="2"></th></tr></table><table><thead><tr><th>Class</th><th>Method</th><th>Start</th><th>Time (ms)</th></tr></thead><tbody><tr><th colspan="4">Ethoca_Challenge</th></tr></tbody><tbody id="t0"><tr><th colspan="4">MagicMouse_Purchase &#8212; failed</th></tr><tr class="failedeven"><td rowspan="1">exercise.Test01</td><td><a href="#m0">TestCase01</a></td><td rowspan="1">1546659018160</td><td rowspan="1">31305</td></tr></tbody><tbody id="t1"><tr><th colspan="4">AppleTV_Purchase &#8212; failed</th></tr><tr class="failedeven"><td rowspan="3">exercise.Test02</td><td><a href="#m1">enterUserDetails</a></td><td rowspan="1">1546659079272</td><td rowspan="1">20027</td></tr><tr class="failedeven"><td><a href="#m2">validateProduct_Select</a></td><td rowspan="1">1546659059185</td><td rowspan="1">20082</td></tr><tr class="failedeven"><td><a href="#m3">validateTranPage</a></td><td rowspan="1">1546659099299</td><td rowspan="1">105</td></tr><tr><th colspan="4">AppleTV_Purchase &#8212; passed</th></tr><tr class="passedeven"><td rowspan="2">exercise.Test02</td><td><a href="#m4">SelectItem</a></td><td rowspan="1">1546659055968</td><td rowspan="1">3217</td></tr><tr class="passedeven"><td><a href="#m5">login</a></td><td rowspan="1">1546659052512</td><td rowspan="1">3456</td></tr></tbody></table><h2>MagicMouse_Purchase</h2><h3 id="m0">exercise.Test01#TestCase01</h3><table class="result"><tr><th>Exception</th></tr><tr><td><div class="stacktrace">java.lang.AssertionError: Error has occured during Validating product
	at businessComponents.BusinessComponents.validateProductSelect(BusinessComponents.java:90)
	at exercise.Test01.TestCase01(Test01.java:27)
... Removed 28 stack frames</div></td></tr></table><p class="totop"><a href="#summary">back to summary</a></p><h2>AppleTV_Purchase</h2><h3 id="m1">exercise.Test02#enterUserDetails</h3><table class="result"><tr><th>Exception</th></tr><tr><td><div class="stacktrace">java.lang.AssertionError: Error has occured during User entry details page
	at businessComponents.BusinessComponents.enterUserDetails(BusinessComponents.java:106)
	at exercise.Test02.enterUserDetails(Test02.java:40)
... Removed 28 stack frames</div></td></tr></table><p class="totop"><a href="#summary">back to summary</a></p><h3 id="m2">exercise.Test02#validateProduct_Select</h3><table class="result"><tr><th>Exception</th></tr><tr><td><div class="stacktrace">java.lang.AssertionError: Error has occured during Validating product
	at businessComponents.BusinessComponents.validateProductSelect(BusinessComponents.java:90)
	at exercise.Test02.validateProduct_Select(Test02.java:35)
... Removed 28 stack frames</div></td></tr></table><p class="totop"><a href="#summary">back to summary</a></p><h3 id="m3">exercise.Test02#validateTranPage</h3><table class="result"><tr><th>Exception</th></tr><tr><td><div class="stacktrace">java.lang.AssertionError: Transaction page NOT displayed expected [true] but found [false]
	at businessComponents.BusinessComponents.validateTranPage(BusinessComponents.java:117)
	at exercise.Test02.validateTranPage(Test02.java:45)
... Removed 30 stack frames</div></td></tr></table><p class="totop"><a href="#summary">back to summary</a></p><h3 id="m4">exercise.Test02#SelectItem</h3><table class="result"></table><p class="totop"><a href="#summary">back to summary</a></p><h3 id="m5">exercise.Test02#login</h3><table class="result"></table><p class="totop"><a href="#summary">back to summary</a></p></body></html>